Build started 4/5/2014 3:35:51 PM.
     1>Project "C:\Users\Anastasia\Downloads\oscpack_1_1_0\oscpack_1_1_0\SimpleReceive.vcxproj" on node 2 (build target(s)).
     1>InitializeBuildStatus:
         Touching "SimpleReceive.dir\Debug\SimpleReceive.unsuccessfulbuild".
       CustomBuild:
         All outputs are up-to-date.
       ClCompile:
         C:\Program Files (x86)\Microsoft Visual Studio 10.0\VC\bin\CL.exe /c /IC:\Users\Anastasia\Downloads\oscpack_1_1_0\oscpack_1_1_0 /Zi /nologo /W4 /WX- /Od /Ob0 /Oy- /D WIN32 /D _WINDOWS /D _DEBUG /D "CMAKE_INTDIR=\"Debug\"" /D _MBCS /Gm- /EHsc /RTC1 /MDd /GS /fp:precise /Zc:wchar_t /Zc:forScope /GR /Fo"SimpleReceive.dir\Debug\\" /Fd"SimpleReceive.dir\Debug\vc100.pdb" /Gd /TP /analyze- /errorReport:prompt examples\SimpleReceive.cpp
         SimpleReceive.cpp
       ManifestResourceCompile:
         All outputs are up-to-date.
       Link:
         C:\Program Files (x86)\Microsoft Visual Studio 10.0\VC\bin\link.exe /ERRORREPORT:PROMPT /OUT:"C:\Users\Anastasia\Downloads\oscpack_1_1_0\oscpack_1_1_0\Debug\SimpleReceive.exe" /INCREMENTAL /NOLOGO kernel32.lib user32.lib gdi32.lib winspool.lib shell32.lib ole32.lib oleaut32.lib uuid.lib comdlg32.lib advapi32.lib Debug\oscpack.lib Ws2_32.lib winmm.lib /MANIFEST /ManifestFile:"SimpleReceive.dir\Debug\SimpleReceive.exe.intermediate.manifest" /MANIFESTUAC:"level='asInvoker' uiAccess='false'" /DEBUG /PDB:"C:/Users/Anastasia/Downloads/oscpack_1_1_0/oscpack_1_1_0/Debug/SimpleReceive.pdb" /SUBSYSTEM:CONSOLE /TLBID:1 /DYNAMICBASE /NXCOMPAT /IMPLIB:"C:/Users/Anastasia/Downloads/oscpack_1_1_0/oscpack_1_1_0/Debug/SimpleReceive.lib" /MACHINE:X86 SimpleReceive.dir\Debug\SimpleReceive.exe.embed.manifest.res
         SimpleReceive.dir\Debug\SimpleReceive.obj  /machine:X86 /debug 
       Manifest:
         C:\Program Files (x86)\Microsoft SDKs\Windows\v7.0A\bin\mt.exe /nologo /verbose /out:"SimpleReceive.dir\Debug\SimpleReceive.exe.embed.manifest" /manifest SimpleReceive.dir\Debug\SimpleReceive.exe.intermediate.manifest
         All outputs are up-to-date.
       LinkEmbedManifest:
         All outputs are up-to-date.
         SimpleReceive.vcxproj -> C:\Users\Anastasia\Downloads\oscpack_1_1_0\oscpack_1_1_0\Debug\SimpleReceive.exe
       FinalizeBuildStatus:
         Deleting file "SimpleReceive.dir\Debug\SimpleReceive.unsuccessfulbuild".
         Touching "SimpleReceive.dir\Debug\SimpleReceive.lastbuildstate".
     1>Done Building Project "C:\Users\Anastasia\Downloads\oscpack_1_1_0\oscpack_1_1_0\SimpleReceive.vcxproj" (build target(s)).

Build succeeded.

Time Elapsed 00:00:03.75
