Build started 4/6/2014 4:26:37 PM.
     1>Project "C:\Users\Anastasia\Downloads\oscpack_1_1_0\oscpack_1_1_0\SimpleSend.vcxproj" on node 2 (build target(s)).
     1>InitializeBuildStatus:
         Touching "SimpleSend.dir\Debug\SimpleSend.unsuccessfulbuild".
       CustomBuild:
         All outputs are up-to-date.
         Building Custom Rule C:/Users/Anastasia/Downloads/oscpack_1_1_0/oscpack_1_1_0/CMakeLists.txt
         CMake does not need to re-run because C:\Users\Anastasia\Downloads\oscpack_1_1_0\oscpack_1_1_0\CMakeFiles\generate.stamp is up-to-date.
       ClCompile:
         C:\Program Files (x86)\Microsoft Visual Studio 10.0\VC\bin\CL.exe /c /IC:\Users\Anastasia\Downloads\oscpack_1_1_0\oscpack_1_1_0 /I"C:\Users\Anastasia\Downloads\Myo-sdk-alpha3\include" /Zi /nologo /W4 /WX- /Od /Ob0 /Oy- /D WIN32 /D _WINDOWS /D _DEBUG /D "CMAKE_INTDIR=\"Debug\"" /D _MBCS /Gm- /EHsc /RTC1 /MDd /GS /fp:precise /Zc:wchar_t /Zc:forScope /GR /Fo"SimpleSend.dir\Debug\\" /Fd"SimpleSend.dir\Debug\vc100.pdb" /Gd /TP /analyze- /errorReport:prompt examples\SimpleSend.cpp
         SimpleSend.cpp
     1>c:\users\anastasia\downloads\myo-sdk-alpha3\include\myo/DeviceListener.hpp(25): warning C4100: 'timestamp' : unreferenced formal parameter
     1>c:\users\anastasia\downloads\myo-sdk-alpha3\include\myo/DeviceListener.hpp(25): warning C4100: 'myo' : unreferenced formal parameter
     1>c:\users\anastasia\downloads\myo-sdk-alpha3\include\myo/DeviceListener.hpp(28): warning C4100: 'timestamp' : unreferenced formal parameter
     1>c:\users\anastasia\downloads\myo-sdk-alpha3\include\myo/DeviceListener.hpp(28): warning C4100: 'myo' : unreferenced formal parameter
     1>c:\users\anastasia\downloads\myo-sdk-alpha3\include\myo/DeviceListener.hpp(31): warning C4100: 'timestamp' : unreferenced formal parameter
     1>c:\users\anastasia\downloads\myo-sdk-alpha3\include\myo/DeviceListener.hpp(31): warning C4100: 'myo' : unreferenced formal parameter
     1>c:\users\anastasia\downloads\myo-sdk-alpha3\include\myo/DeviceListener.hpp(34): warning C4100: 'pose' : unreferenced formal parameter
     1>c:\users\anastasia\downloads\myo-sdk-alpha3\include\myo/DeviceListener.hpp(34): warning C4100: 'timestamp' : unreferenced formal parameter
     1>c:\users\anastasia\downloads\myo-sdk-alpha3\include\myo/DeviceListener.hpp(34): warning C4100: 'myo' : unreferenced formal parameter
     1>c:\users\anastasia\downloads\myo-sdk-alpha3\include\myo/DeviceListener.hpp(37): warning C4100: 'rotation' : unreferenced formal parameter
     1>c:\users\anastasia\downloads\myo-sdk-alpha3\include\myo/DeviceListener.hpp(37): warning C4100: 'timestamp' : unreferenced formal parameter
     1>c:\users\anastasia\downloads\myo-sdk-alpha3\include\myo/DeviceListener.hpp(37): warning C4100: 'myo' : unreferenced formal parameter
     1>c:\users\anastasia\downloads\myo-sdk-alpha3\include\myo/DeviceListener.hpp(40): warning C4100: 'accel' : unreferenced formal parameter
     1>c:\users\anastasia\downloads\myo-sdk-alpha3\include\myo/DeviceListener.hpp(40): warning C4100: 'timestamp' : unreferenced formal parameter
     1>c:\users\anastasia\downloads\myo-sdk-alpha3\include\myo/DeviceListener.hpp(40): warning C4100: 'myo' : unreferenced formal parameter
     1>c:\users\anastasia\downloads\myo-sdk-alpha3\include\myo/DeviceListener.hpp(43): warning C4100: 'gyro' : unreferenced formal parameter
     1>c:\users\anastasia\downloads\myo-sdk-alpha3\include\myo/DeviceListener.hpp(43): warning C4100: 'timestamp' : unreferenced formal parameter
     1>c:\users\anastasia\downloads\myo-sdk-alpha3\include\myo/DeviceListener.hpp(43): warning C4100: 'myo' : unreferenced formal parameter
     1>examples\SimpleSend.cpp(53): warning C4100: 'timestamp' : unreferenced formal parameter
     1>examples\SimpleSend.cpp(53): warning C4100: 'myo' : unreferenced formal parameter
     1>examples\SimpleSend.cpp(78): warning C4100: 'timestamp' : unreferenced formal parameter
     1>examples\SimpleSend.cpp(78): warning C4100: 'myo' : unreferenced formal parameter
     1>examples\SimpleSend.cpp(217): warning C4127: conditional expression is constant
     1>examples\SimpleSend.cpp(171): warning C4100: 'argv' : unreferenced formal parameter
     1>examples\SimpleSend.cpp(171): warning C4100: 'argc' : unreferenced formal parameter
     1>examples\SimpleSend.cpp(214): warning C4189: 'prev_pose' : local variable is initialized but not referenced
       ManifestResourceCompile:
         All outputs are up-to-date.
       Link:
         C:\Program Files (x86)\Microsoft Visual Studio 10.0\VC\bin\link.exe /ERRORREPORT:PROMPT /OUT:"C:\Users\Anastasia\Downloads\oscpack_1_1_0\oscpack_1_1_0\Debug\SimpleSend.exe" /INCREMENTAL /NOLOGO /LIBPATH:"C:\Users\Anastasia\Downloads\Myo-sdk-alpha3\lib" myo32.lib kernel32.lib user32.lib gdi32.lib winspool.lib shell32.lib ole32.lib oleaut32.lib uuid.lib comdlg32.lib advapi32.lib Debug\oscpack.lib Ws2_32.lib winmm.lib /MANIFEST /ManifestFile:"SimpleSend.dir\Debug\SimpleSend.exe.intermediate.manifest" /MANIFESTUAC:"level='asInvoker' uiAccess='false'" /DEBUG /PDB:"C:/Users/Anastasia/Downloads/oscpack_1_1_0/oscpack_1_1_0/Debug/SimpleSend.pdb" /SUBSYSTEM:CONSOLE /TLBID:1 /DYNAMICBASE /NXCOMPAT /IMPLIB:"C:/Users/Anastasia/Downloads/oscpack_1_1_0/oscpack_1_1_0/Debug/SimpleSend.lib" /MACHINE:X86 SimpleSend.dir\Debug\SimpleSend.exe.embed.manifest.res
         SimpleSend.dir\Debug\SimpleSend.obj  /machine:X86 /debug 
       Manifest:
         C:\Program Files (x86)\Microsoft SDKs\Windows\v7.0A\bin\mt.exe /nologo /verbose /out:"SimpleSend.dir\Debug\SimpleSend.exe.embed.manifest" /manifest SimpleSend.dir\Debug\SimpleSend.exe.intermediate.manifest
         All outputs are up-to-date.
       LinkEmbedManifest:
         All outputs are up-to-date.
         SimpleSend.vcxproj -> C:\Users\Anastasia\Downloads\oscpack_1_1_0\oscpack_1_1_0\Debug\SimpleSend.exe
       FinalizeBuildStatus:
         Deleting file "SimpleSend.dir\Debug\SimpleSend.unsuccessfulbuild".
         Touching "SimpleSend.dir\Debug\SimpleSend.lastbuildstate".
     1>Done Building Project "C:\Users\Anastasia\Downloads\oscpack_1_1_0\oscpack_1_1_0\SimpleSend.vcxproj" (build target(s)).

Build succeeded.

Time Elapsed 00:00:05.43
